<?xml version="1.0" encoding="UTF-8"?>
<!-- Generated by org.testng.reporters.JUnitReportReporter -->
<testsuite skipped="0" hostname="Lenovo" name="org.restassured.createissue" tests="1" failures="0" timestamp="25 Jul 2022 06:34:48 GMT" time="19.350" errors="0">
  <testcase name="getissue" time="19.350" classname="org.restassured.createissue"/>
</testsuite> <!-- org.restassured.createissue -->
