<?xml version="1.0" encoding="UTF-8"?>
<!-- Generated by org.testng.reporters.JUnitReportReporter -->
<testsuite skipped="0" hostname="Lenovo" name="org.chaining.delete" tests="1" failures="0" timestamp="25 Jul 2022 05:51:40 GMT" time="3.672" errors="0">
  <testcase name="deleteid" time="3.672" classname="org.chaining.delete"/>
</testsuite> <!-- org.chaining.delete -->
