<?xml version="1.0" encoding="UTF-8"?>
<!-- Generated by org.testng.reporters.JUnitReportReporter -->
<testsuite skipped="0" hostname="Lenovo" name="org.restassured.createpostwithjsonbody" tests="1" failures="0" timestamp="23 Jul 2022 07:49:45 GMT" time="20.181" errors="0">
  <testcase name="sendpost" time="20.181" classname="org.restassured.createpostwithjsonbody"/>
</testsuite> <!-- org.restassured.createpostwithjsonbody -->
