<?xml version="1.0" encoding="UTF-8"?>
<!-- Generated by org.testng.reporters.JUnitReportReporter -->
<testsuite skipped="0" hostname="Lenovo" name="org.chaining.get" tests="1" failures="0" timestamp="25 Jul 2022 05:51:40 GMT" time="4.181" errors="0">
  <testcase name="getid" time="4.181" classname="org.chaining.get"/>
</testsuite> <!-- org.chaining.get -->
