<?xml version="1.0" encoding="UTF-8"?>
<!-- Generated by org.testng.reporters.JUnitReportReporter -->
<testsuite skipped="0" hostname="Lenovo" name="org.runner.RunnerClass" tests="3" failures="0" timestamp="30 Jul 2022 13:47:23 GMT" time="23.963" errors="0">
  <testcase name="runScenario" time="3.649" classname="org.runner.RunnerClass"/>
  <testcase name="runScenario" time="4.541" classname="org.runner.RunnerClass"/>
  <testcase name="runScenario" time="15.773" classname="org.runner.RunnerClass"/>
</testsuite> <!-- org.runner.RunnerClass -->
