<?xml version="1.0" encoding="UTF-8"?>
<!-- Generated by org.testng.reporters.JUnitReportReporter -->
<testsuite skipped="0" hostname="Lenovo" name="org.chaining.putvalid" tests="1" failures="0" timestamp="25 Jul 2022 05:51:40 GMT" time="4.119" errors="0">
  <testcase name="putid" time="4.119" classname="org.chaining.putvalid"/>
</testsuite> <!-- org.chaining.putvalid -->
