<?xml version="1.0" encoding="UTF-8"?>
<!-- Generated by org.testng.reporters.JUnitReportReporter -->
<testsuite skipped="0" hostname="Lenovo" name="org.restassured.createpostwithoutbody" tests="1" failures="0" timestamp="23 Jul 2022 07:39:34 GMT" time="20.335" errors="0">
  <testcase name="sendpost" time="20.335" classname="org.restassured.createpostwithoutbody"/>
</testsuite> <!-- org.restassured.createpostwithoutbody -->
