<?xml version="1.0" encoding="UTF-8"?>
<!-- Generated by org.testng.reporters.JUnitReportReporter -->
<testsuite skipped="0" hostname="Lenovo" name="org.chaining.createpostwithjsonbody" tests="1" failures="0" timestamp="25 Jul 2022 05:51:40 GMT" time="15.459" errors="0">
  <testcase name="sendpost" time="15.459" classname="org.chaining.createpostwithjsonbody"/>
</testsuite> <!-- org.chaining.createpostwithjsonbody -->
