<?xml version="1.0" encoding="UTF-8"?>
<!-- Generated by org.testng.reporters.JUnitReportReporter -->
<testsuite skipped="0" hostname="Lenovo" name="org.restassured.createpostwithxmlbody" tests="1" failures="0" timestamp="23 Jul 2022 07:42:56 GMT" time="21.948" errors="0">
  <testcase name="sendpost" time="21.948" classname="org.restassured.createpostwithxmlbody"/>
</testsuite> <!-- org.restassured.createpostwithxmlbody -->
