<?xml version="1.0" encoding="UTF-8"?>
<!-- Generated by org.testng.reporters.JUnitReportReporter -->
<testsuite skipped="0" hostname="Lenovo" name="org.jirachaining.getissuesjira" tests="1" failures="0" timestamp="30 Jul 2022 05:19:50 GMT" time="1.202" errors="0">
  <testcase name="getissue" time="1.202" classname="org.jirachaining.getissuesjira"/>
</testsuite> <!-- org.jirachaining.getissuesjira -->
