<?xml version="1.0" encoding="UTF-8"?>
<!-- Generated by org.testng.reporters.JUnitReportReporter -->
<testsuite skipped="0" hostname="Lenovo" name="org.restassured.getissuesjira" tests="1" failures="0" timestamp="23 Jul 2022 08:25:30 GMT" time="8.889" errors="0">
  <testcase name="getissue" time="8.889" classname="org.restassured.getissuesjira"/>
</testsuite> <!-- org.restassured.getissuesjira -->
