<?xml version="1.0" encoding="UTF-8"?>
<!-- Generated by org.testng.reporters.JUnitReportReporter -->
<testsuite skipped="0" hostname="Lenovo" name="org.restassured.putupdate" tests="1" failures="0" timestamp="24 Jul 2022 05:13:49 GMT" time="29.928" errors="0">
  <testcase name="getissue" time="29.928" classname="org.restassured.putupdate"/>
</testsuite> <!-- org.restassured.putupdate -->
