<?xml version="1.0" encoding="UTF-8"?>
<!-- Generated by org.testng.reporters.JUnitReportReporter -->
<testsuite skipped="0" hostname="Lenovo" name="org.restassured.delete" tests="2" failures="0" timestamp="24 Jul 2022 05:28:13 GMT" time="26.931" errors="0">
  <testcase name="getissue" time="22.563" classname="org.restassured.delete"/>
  <testcase name="getissue1" time="4.368" classname="org.restassured.delete"/>
</testsuite> <!-- org.restassured.delete -->
