<?xml version="1.0" encoding="UTF-8"?>
<!-- Generated by org.testng.reporters.JUnitReportReporter -->
<testsuite skipped="0" hostname="Lenovo" name="org.restassured.Restassuredjuly" tests="1" failures="0" timestamp="23 Jul 2022 06:00:24 GMT" time="38.771" errors="0">
  <testcase name="restassured" time="38.771" classname="org.restassured.Restassuredjuly"/>
</testsuite> <!-- org.restassured.Restassuredjuly -->
